Using pre-set license
Built from '2021.2/staging' branch; Version is '2021.2.7f1 (6bd9e232123f) revision 7068130'; Using compiler version '192829333'; Build Type 'Release'
OS: 'Windows 10  (10.0.19042) 64bit Education' Language: 'ko' Physical Memory: 32699 MB
BatchMode: 1, IsHumanControllingUs: 0, StartBugReporterOnCrash: 0, Is64bit: 1, IsPro: 0

COMMAND LINE ARGUMENTS:
D:\Program Files\Unity Hub\2021.2.7f1\Editor\Unity.exe
-adb2
-batchMode
-noUpm
-name
AssetImportWorker2
-projectPath
D:/Unity/Quad Action
-logFile
Logs/AssetImportWorker2.log
-srvPort
60665
Successfully changed project path to: D:/Unity/Quad Action
D:/Unity/Quad Action
[UnityMemory] Configuration Parameters - Can be set up in boot.config
    "memorysetup-bucket-allocator-granularity=16"
    "memorysetup-bucket-allocator-bucket-count=8"
    "memorysetup-bucket-allocator-block-size=33554432"
    "memorysetup-bucket-allocator-block-count=8"
    "memorysetup-main-allocator-block-size=16777216"
    "memorysetup-thread-allocator-block-size=16777216"
    "memorysetup-gfx-main-allocator-block-size=16777216"
    "memorysetup-gfx-thread-allocator-block-size=16777216"
    "memorysetup-cache-allocator-block-size=4194304"
    "memorysetup-typetree-allocator-block-size=2097152"
    "memorysetup-profiler-bucket-allocator-granularity=16"
    "memorysetup-profiler-bucket-allocator-bucket-count=8"
    "memorysetup-profiler-bucket-allocator-block-size=33554432"
    "memorysetup-profiler-bucket-allocator-block-count=8"
    "memorysetup-profiler-allocator-block-size=16777216"
    "memorysetup-profiler-editor-allocator-block-size=1048576"
    "memorysetup-temp-allocator-size-main=16777216"
    "memorysetup-job-temp-allocator-block-size=2097152"
    "memorysetup-job-temp-allocator-block-size-background=1048576"
    "memorysetup-job-temp-allocator-reduction-small-platforms=262144"
    "memorysetup-temp-allocator-size-background-worker=32768"
    "memorysetup-temp-allocator-size-job-worker=262144"
    "memorysetup-temp-allocator-size-preload-manager=33554432"
    "memorysetup-temp-allocator-size-nav-mesh-worker=65536"
    "memorysetup-temp-allocator-size-audio-worker=65536"
    "memorysetup-temp-allocator-size-cloud-worker=32768"
    "memorysetup-temp-allocator-size-gi-baking-worker=262144"
    "memorysetup-temp-allocator-size-gfx=262144"
Refreshing native plugins compatible for Editor in 79.69 ms, found 3 plugins.
Preloading 0 native plugins for Editor in 0.00 ms.
Initialize engine version: 2021.2.7f1 (6bd9e232123f)
[Subsystems] Discovering subsystems at path D:/Program Files/Unity Hub/2021.2.7f1/Editor/Data/Resources/UnitySubsystems
[Subsystems] Discovering subsystems at path D:/Unity/Quad Action/Assets
GfxDevice: creating device client; threaded=0; jobified=0
Direct3D:
    Version:  Direct3D 11.0 [level 11.1]
    Renderer: NVIDIA GeForce RTX 2070 SUPER (ID=0x1e84)
    Vendor:   NVIDIA
    VRAM:     8011 MB
    Driver:   30.0.14.9729
Initialize mono
Mono path[0] = 'D:/Program Files/Unity Hub/2021.2.7f1/Editor/Data/Managed'
Mono path[1] = 'D:/Program Files/Unity Hub/2021.2.7f1/Editor/Data/MonoBleedingEdge/lib/mono/unityjit-win32'
Mono config path = 'D:/Program Files/Unity Hub/2021.2.7f1/Editor/Data/MonoBleedingEdge/etc'
Using monoOptions --debugger-agent=transport=dt_socket,embedding=1,server=y,suspend=n,address=127.0.0.1:56028
Begin MonoManager ReloadAssembly
Registering precompiled unity dll's ...
Register platform support module: D:/Program Files/Unity Hub/2021.2.7f1/Editor/Data/PlaybackEngines/WindowsStandaloneSupport/UnityEditor.WindowsStandalone.Extensions.dll
Registered in 0.003303 seconds.
Native extension for WindowsStandalone target not found
Refreshing native plugins compatible for Editor in 77.47 ms, found 3 plugins.
Preloading 0 native plugins for Editor in 0.00 ms.
Mono: successfully reloaded assembly
- Completed reload, in  0.605 seconds
Domain Reload Profiling:
	ReloadAssembly (605ms)
		BeginReloadAssembly (85ms)
			ExecutionOrderSort (0ms)
			DisableScriptedObjects (0ms)
			BackupInstance (0ms)
			ReleaseScriptingObjects (0ms)
			CreateAndSetChildDomain (1ms)
		EndReloadAssembly (449ms)
			LoadAssemblies (84ms)
			RebuildTransferFunctionScriptingTraits (0ms)
			SetupTypeCache (105ms)
			ReleaseScriptCaches (0ms)
			RebuildScriptCaches (27ms)
			SetupLoadedEditorAssemblies (270ms)
				LogAssemblyErrors (0ms)
				InitializePlatformSupportModulesInManaged (17ms)
				SetLoadedEditorAssemblies (0ms)
				RefreshPlugins (78ms)
				BeforeProcessingInitializeOnLoad (1ms)
				ProcessInitializeOnLoadAttributes (119ms)
				ProcessInitializeOnLoadMethodAttributes (55ms)
				AfterProcessingInitializeOnLoad (0ms)
				EditorAssembliesLoaded (0ms)
			ExecutionOrderSort2 (0ms)
			AwakeInstancesAfterBackupRestoration (0ms)
Platform modules already initialized, skipping
Registering precompiled user dll's ...
Registered in 0.004960 seconds.
Begin MonoManager ReloadAssembly
Symbol file LoadedFromMemory doesn't match image D:\Unity\Quad Action\Library\PackageCache\com.unity.visualscripting@1.7.6\Editor\VisualScripting.Core\Dependencies\YamlDotNet\Unity.VisualScripting.YamlDotNet.dll
Symbol file LoadedFromMemory doesn't match image D:\Unity\Quad Action\Library\PackageCache\com.unity.visualscripting@1.7.6\Editor\VisualScripting.Core\Dependencies\DotNetZip\Unity.VisualScripting.IonicZip.dll
Native extension for WindowsStandalone target not found
Refreshing native plugins compatible for Editor in 0.65 ms, found 3 plugins.
Preloading 0 native plugins for Editor in 0.00 ms.
Mono: successfully reloaded assembly
- Completed reload, in  1.023 seconds
Domain Reload Profiling:
	ReloadAssembly (1024ms)
		BeginReloadAssembly (147ms)
			ExecutionOrderSort (0ms)
			DisableScriptedObjects (6ms)
			BackupInstance (0ms)
			ReleaseScriptingObjects (0ms)
			CreateAndSetChildDomain (26ms)
		EndReloadAssembly (780ms)
			LoadAssemblies (116ms)
			RebuildTransferFunctionScriptingTraits (0ms)
			SetupTypeCache (272ms)
			ReleaseScriptCaches (1ms)
			RebuildScriptCaches (51ms)
			SetupLoadedEditorAssemblies (334ms)
				LogAssemblyErrors (0ms)
				InitializePlatformSupportModulesInManaged (12ms)
				SetLoadedEditorAssemblies (1ms)
				RefreshPlugins (1ms)
				BeforeProcessingInitializeOnLoad (76ms)
				ProcessInitializeOnLoadAttributes (217ms)
				ProcessInitializeOnLoadMethodAttributes (24ms)
				AfterProcessingInitializeOnLoad (3ms)
				EditorAssembliesLoaded (0ms)
			ExecutionOrderSort2 (0ms)
			AwakeInstancesAfterBackupRestoration (13ms)
Platform modules already initialized, skipping
========================================================================
Worker process is ready to serve import requests
Launched and connected shader compiler UnityShaderCompiler.exe after 0.24 seconds
Refreshing native plugins compatible for Editor in 0.63 ms, found 3 plugins.
Preloading 0 native plugins for Editor in 0.00 ms.
Unloading 3215 Unused Serialized files (Serialized files now loaded: 0)
Unloading 26 unused Assets / (112.2 KB). Loaded Objects now: 3671.
Memory consumption went from 116.4 MB to 116.3 MB.
Total: 4.636500 ms (FindLiveObjects: 0.342300 ms CreateObjectMapping: 0.074700 ms MarkObjects: 4.076000 ms  DeleteObjects: 0.142000 ms)

AssetImportParameters requested are different than current active one (requested -> active):
  custom:video-decoder-ogg-theora: a1e56fd34408186e4bbccfd4996cb3dc -> 
  custom:container-muxer-webm: aa71ff27fc2769a1b78a27578f13a17b -> 
  custom:container-demuxer-webm: 4f35f7cbe854078d1ac9338744f61a02 -> 
  custom:video-encoder-webm-vp8: eb34c28f22e8b96e1ab97ce403110664 -> 
  custom:audio-encoder-webm-vorbis: bf7c407c2cedff20999df2af8eb42d56 -> 
  custom:framework-win-MediaFoundation: 216162199b28c13a410421893ffa2e32 -> 
  custom:container-demuxer-ogg: 62fdf1f143b41e24485cea50d1cbac27 -> 
  custom:video-decoder-webm-vp8: 9c59270c3fd7afecdb556c50c9e8de78 -> 
  custom:audio-decoder-ogg-vorbis: bf7c407c2cedff20999df2af8eb42d56 -> 
========================================================================
Received Import Request.
  Time since last request: 329194.431130 seconds.
  path: Assets/Materials/Floor.mat
  artifactKey: Guid(19509f0fbfde9eb43be4dbd0fe820491) Importer(815301076,1909f56bfc062723c751e8b465ee728b)
Start importing Assets/Materials/Floor.mat using Guid(19509f0fbfde9eb43be4dbd0fe820491) Importer(815301076,1909f56bfc062723c751e8b465ee728b)  -> (artifact id: 'b114661e2ee487fb2fef1ec588da7dee') in 0.146436 seconds 
========================================================================
Received Import Request.
  Time since last request: 19.216022 seconds.
  path: Assets/Materials/Floor.mat
  artifactKey: Guid(19509f0fbfde9eb43be4dbd0fe820491) Importer(815301076,1909f56bfc062723c751e8b465ee728b)
Start importing Assets/Materials/Floor.mat using Guid(19509f0fbfde9eb43be4dbd0fe820491) Importer(815301076,1909f56bfc062723c751e8b465ee728b)  -> (artifact id: '0676b1d37005b3d05509ebd5ad0f441d') in 0.015431 seconds 
========================================================================
Received Import Request.
  Time since last request: 15.686030 seconds.
  path: Assets/Materials/Floor.mat
  artifactKey: Guid(19509f0fbfde9eb43be4dbd0fe820491) Importer(815301076,1909f56bfc062723c751e8b465ee728b)
Start importing Assets/Materials/Floor.mat using Guid(19509f0fbfde9eb43be4dbd0fe820491) Importer(815301076,1909f56bfc062723c751e8b465ee728b)  -> (artifact id: '8dcfcc34609a2d2f03e67fa37c397581') in 0.013305 seconds 
========================================================================
Received Import Request.
  Time since last request: 7.964859 seconds.
  path: Assets/QuarterView 3D Action BE5/Prefabs
  artifactKey: Guid(db54c75065f5cc541a31547319f3e0e5) Importer(815301076,1909f56bfc062723c751e8b465ee728b)
Start importing Assets/QuarterView 3D Action BE5/Prefabs using Guid(db54c75065f5cc541a31547319f3e0e5) Importer(815301076,1909f56bfc062723c751e8b465ee728b)  -> (artifact id: '1f1550cdd620a20c650c8e6a44d3a708') in 0.008079 seconds 
========================================================================
Received Import Request.
  Time since last request: 0.039103 seconds.
  path: Assets/QuarterView 3D Action BE5/Prefabs/Boss Rock.prefab
  artifactKey: Guid(c49bd73e6df5cd84e85e421b183064f8) Importer(815301076,1909f56bfc062723c751e8b465ee728b)
Start importing Assets/QuarterView 3D Action BE5/Prefabs/Boss Rock.prefab using Guid(c49bd73e6df5cd84e85e421b183064f8) Importer(815301076,1909f56bfc062723c751e8b465ee728b)  -> (artifact id: '904f73ff5df367f329933730cdb1ab15') in 0.032580 seconds 
========================================================================
Received Import Request.
  Time since last request: 0.000024 seconds.
  path: Assets/QuarterView 3D Action BE5/Prefabs/Coin Bronze.prefab
  artifactKey: Guid(eff93d3a6c14e3648a925ff48d25d216) Importer(815301076,1909f56bfc062723c751e8b465ee728b)
Start importing Assets/QuarterView 3D Action BE5/Prefabs/Coin Bronze.prefab using Guid(eff93d3a6c14e3648a925ff48d25d216) Importer(815301076,1909f56bfc062723c751e8b465ee728b)  -> (artifact id: '40c49e9f54c5e44618a4690d0d4d1fea') in 0.016718 seconds 
========================================================================
Received Import Request.
  Time since last request: 0.000022 seconds.
  path: Assets/QuarterView 3D Action BE5/Prefabs/Coin Gold.prefab
  artifactKey: Guid(5f990ffaa293ab14ebc81ec38b817d0b) Importer(815301076,1909f56bfc062723c751e8b465ee728b)
Start importing Assets/QuarterView 3D Action BE5/Prefabs/Coin Gold.prefab using Guid(5f990ffaa293ab14ebc81ec38b817d0b) Importer(815301076,1909f56bfc062723c751e8b465ee728b)  -> (artifact id: '385d612cb364469ae90826286de0b7d2') in 0.018581 seconds 
========================================================================
Received Import Request.
  Time since last request: 0.000033 seconds.
  path: Assets/QuarterView 3D Action BE5/Prefabs/Missile Boss.prefab
  artifactKey: Guid(50e7f7cd6a4e20544803ae9978a43ec5) Importer(815301076,1909f56bfc062723c751e8b465ee728b)
Start importing Assets/QuarterView 3D Action BE5/Prefabs/Missile Boss.prefab using Guid(50e7f7cd6a4e20544803ae9978a43ec5) Importer(815301076,1909f56bfc062723c751e8b465ee728b)  -> (artifact id: 'dd75197337a0c1e0d858ba5b9c3c9278') in 0.019455 seconds 
========================================================================
Received Import Request.
  Time since last request: 0.000022 seconds.
  path: Assets/QuarterView 3D Action BE5/Prefabs/Missile.prefab
  artifactKey: Guid(45fafb1d61153494cb85310f993aa5ca) Importer(815301076,1909f56bfc062723c751e8b465ee728b)
Start importing Assets/QuarterView 3D Action BE5/Prefabs/Missile.prefab using Guid(45fafb1d61153494cb85310f993aa5ca) Importer(815301076,1909f56bfc062723c751e8b465ee728b)  -> (artifact id: '2e98d84d933c9eb3c2b05f24f33f910b') in 0.015122 seconds 
========================================================================
Received Import Request.
  Time since last request: 0.000026 seconds.
  path: Assets/QuarterView 3D Action BE5/Prefabs/Player.prefab
  artifactKey: Guid(8f5e135a19626f544908fc8f156144b9) Importer(815301076,1909f56bfc062723c751e8b465ee728b)
Start importing Assets/QuarterView 3D Action BE5/Prefabs/Player.prefab using Guid(8f5e135a19626f544908fc8f156144b9) Importer(815301076,1909f56bfc062723c751e8b465ee728b)  -> (artifact id: '8db084eee3c26ec74f7883c332c45964') in 0.014703 seconds 
========================================================================
Received Import Request.
  Time since last request: 0.000032 seconds.
  path: Assets/QuarterView 3D Action BE5/Prefabs/Enemy A.prefab
  artifactKey: Guid(464cc7c4f7ea10b47a36d7848aa9ca9a) Importer(815301076,1909f56bfc062723c751e8b465ee728b)
Start importing Assets/QuarterView 3D Action BE5/Prefabs/Enemy A.prefab using Guid(464cc7c4f7ea10b47a36d7848aa9ca9a) Importer(815301076,1909f56bfc062723c751e8b465ee728b)  -> (artifact id: 'c782444b1f512e4f1ceb0fcb658479d3') in 0.013591 seconds 
========================================================================
Received Import Request.
  Time since last request: 0.000024 seconds.
  path: Assets/QuarterView 3D Action BE5/Prefabs/Enemy B.prefab
  artifactKey: Guid(4198e2587d1fcca4cb87c16c3cfed34d) Importer(815301076,1909f56bfc062723c751e8b465ee728b)
Start importing Assets/QuarterView 3D Action BE5/Prefabs/Enemy B.prefab using Guid(4198e2587d1fcca4cb87c16c3cfed34d) Importer(815301076,1909f56bfc062723c751e8b465ee728b)  -> (artifact id: 'dc67144434d041edb72fe74701e77d11') in 0.014747 seconds 
========================================================================
Received Import Request.
  Time since last request: 0.000024 seconds.
  path: Assets/QuarterView 3D Action BE5/Prefabs/Item Heart.prefab
  artifactKey: Guid(437ad4dccfddbb64b9b2bb88be07abe4) Importer(815301076,1909f56bfc062723c751e8b465ee728b)
Start importing Assets/QuarterView 3D Action BE5/Prefabs/Item Heart.prefab using Guid(437ad4dccfddbb64b9b2bb88be07abe4) Importer(815301076,1909f56bfc062723c751e8b465ee728b)  -> (artifact id: '08a013318c71dd6ba6af0a4715afcc4b') in 0.022550 seconds 
========================================================================
Received Import Request.
  Time since last request: 0.000031 seconds.
  path: Assets/QuarterView 3D Action BE5/Prefabs/Enemy D.prefab
  artifactKey: Guid(83dab506297948d4d8d34c4fe12431ee) Importer(815301076,1909f56bfc062723c751e8b465ee728b)
Start importing Assets/QuarterView 3D Action BE5/Prefabs/Enemy D.prefab using Guid(83dab506297948d4d8d34c4fe12431ee) Importer(815301076,1909f56bfc062723c751e8b465ee728b)  -> (artifact id: '0b34dc1774ab1416bad2b3a469d5f2ce') in 0.018511 seconds 
========================================================================
Received Import Request.
  Time since last request: 0.000027 seconds.
  path: Assets/QuarterView 3D Action BE5/Prefabs/Coin Silver.prefab
  artifactKey: Guid(99cca47ba8d60394e8b16b13b4054a38) Importer(815301076,1909f56bfc062723c751e8b465ee728b)
Start importing Assets/QuarterView 3D Action BE5/Prefabs/Coin Silver.prefab using Guid(99cca47ba8d60394e8b16b13b4054a38) Importer(815301076,1909f56bfc062723c751e8b465ee728b)  -> (artifact id: 'ef06a998116008642d606c04c3277e62') in 0.016781 seconds 
========================================================================
Received Import Request.
  Time since last request: 0.000023 seconds.
  path: Assets/QuarterView 3D Action BE5/Prefabs/Ludo.prefab
  artifactKey: Guid(cd8e3c00b0f28f0419943b46a579c6fc) Importer(815301076,1909f56bfc062723c751e8b465ee728b)
Start importing Assets/QuarterView 3D Action BE5/Prefabs/Ludo.prefab using Guid(cd8e3c00b0f28f0419943b46a579c6fc) Importer(815301076,1909f56bfc062723c751e8b465ee728b)  -> (artifact id: '93a44c21beec871c0225c27dcef5128f') in 0.019362 seconds 
========================================================================
Received Import Request.
  Time since last request: 0.000040 seconds.
  path: Assets/QuarterView 3D Action BE5/Prefabs/Item Ammo.prefab
  artifactKey: Guid(1adf4771a2a84ef4eaaadba340ae7c77) Importer(815301076,1909f56bfc062723c751e8b465ee728b)
Start importing Assets/QuarterView 3D Action BE5/Prefabs/Item Ammo.prefab using Guid(1adf4771a2a84ef4eaaadba340ae7c77) Importer(815301076,1909f56bfc062723c751e8b465ee728b)  -> (artifact id: '76fc870a1047ed184332904d8b47d4d4') in 0.013628 seconds 
========================================================================
Received Import Request.
  Time since last request: 0.486111 seconds.
  path: Assets/QuarterView 3D Action BE5/Prefabs/Weapon Grenade.prefab
  artifactKey: Guid(10653eccf6b69fd47938a227b4bf3863) Importer(815301076,1909f56bfc062723c751e8b465ee728b)
Start importing Assets/QuarterView 3D Action BE5/Prefabs/Weapon Grenade.prefab using Guid(10653eccf6b69fd47938a227b4bf3863) Importer(815301076,1909f56bfc062723c751e8b465ee728b)  -> (artifact id: '0f680936f14e6679a0f3f3c1639bd364') in 0.016884 seconds 
========================================================================
Received Import Request.
  Time since last request: 0.107897 seconds.
  path: Assets/QuarterView 3D Action BE5/Prefabs/Weapon SubMachineGun.prefab
  artifactKey: Guid(203326381d9b54d489646c6c2f61f53a) Importer(815301076,1909f56bfc062723c751e8b465ee728b)
Start importing Assets/QuarterView 3D Action BE5/Prefabs/Weapon SubMachineGun.prefab using Guid(203326381d9b54d489646c6c2f61f53a) Importer(815301076,1909f56bfc062723c751e8b465ee728b)  -> (artifact id: '7af334b44fc14b8708e5e69c516928d2') in 0.014028 seconds 
========================================================================
Received Prepare
Registering precompiled user dll's ...
Registered in 0.005468 seconds.
Begin MonoManager ReloadAssembly
Symbol file LoadedFromMemory doesn't match image D:\Unity\Quad Action\Library\PackageCache\com.unity.visualscripting@1.7.6\Editor\VisualScripting.Core\Dependencies\YamlDotNet\Unity.VisualScripting.YamlDotNet.dll
Symbol file LoadedFromMemory doesn't match image D:\Unity\Quad Action\Library\PackageCache\com.unity.visualscripting@1.7.6\Editor\VisualScripting.Core\Dependencies\DotNetZip\Unity.VisualScripting.IonicZip.dll
Native extension for WindowsStandalone target not found
Refreshing native plugins compatible for Editor in 1.12 ms, found 3 plugins.
Preloading 0 native plugins for Editor in 0.00 ms.
Mono: successfully reloaded assembly
- Completed reload, in  1.004 seconds
Domain Reload Profiling:
	ReloadAssembly (1005ms)
		BeginReloadAssembly (162ms)
			ExecutionOrderSort (0ms)
			DisableScriptedObjects (5ms)
			BackupInstance (0ms)
			ReleaseScriptingObjects (0ms)
			CreateAndSetChildDomain (44ms)
		EndReloadAssembly (748ms)
			LoadAssemblies (108ms)
			RebuildTransferFunctionScriptingTraits (0ms)
			SetupTypeCache (286ms)
			ReleaseScriptCaches (1ms)
			RebuildScriptCaches (43ms)
			SetupLoadedEditorAssemblies (292ms)
				LogAssemblyErrors (0ms)
				InitializePlatformSupportModulesInManaged (12ms)
				SetLoadedEditorAssemblies (1ms)
				RefreshPlugins (1ms)
				BeforeProcessingInitializeOnLoad (61ms)
				ProcessInitializeOnLoadAttributes (189ms)
				ProcessInitializeOnLoadMethodAttributes (25ms)
				AfterProcessingInitializeOnLoad (3ms)
				EditorAssembliesLoaded (0ms)
			ExecutionOrderSort2 (0ms)
			AwakeInstancesAfterBackupRestoration (19ms)
Platform modules already initialized, skipping
Refreshing native plugins compatible for Editor in 0.95 ms, found 3 plugins.
Preloading 0 native plugins for Editor in 0.00 ms.
Unloading 3211 Unused Serialized files (Serialized files now loaded: 0)
Unloading 21 unused Assets / (79.0 KB). Loaded Objects now: 3713.
Memory consumption went from 121.1 MB to 121.0 MB.
Total: 4.537100 ms (FindLiveObjects: 0.474700 ms CreateObjectMapping: 0.080000 ms MarkObjects: 3.785900 ms  DeleteObjects: 0.194900 ms)

AssetImportParameters requested are different than current active one (requested -> active):
  custom:video-decoder-ogg-theora: a1e56fd34408186e4bbccfd4996cb3dc -> 
  custom:container-muxer-webm: aa71ff27fc2769a1b78a27578f13a17b -> 
  custom:container-demuxer-webm: 4f35f7cbe854078d1ac9338744f61a02 -> 
  custom:video-encoder-webm-vp8: eb34c28f22e8b96e1ab97ce403110664 -> 
  custom:audio-encoder-webm-vorbis: bf7c407c2cedff20999df2af8eb42d56 -> 
  custom:framework-win-MediaFoundation: 216162199b28c13a410421893ffa2e32 -> 
  custom:container-demuxer-ogg: 62fdf1f143b41e24485cea50d1cbac27 -> 
  custom:video-decoder-webm-vp8: 9c59270c3fd7afecdb556c50c9e8de78 -> 
  custom:audio-decoder-ogg-vorbis: bf7c407c2cedff20999df2af8eb42d56 -> 
Editor requested this worker to shutdown with reason: Scaling down because of idle timeout
AssetImportWorker is now disconnected from the server
Process exiting
Exiting without the bug reporter. Application will terminate with return code 0