Using pre-set license
Built from '2021.2/staging' branch; Version is '2021.2.7f1 (6bd9e232123f) revision 7068130'; Using compiler version '192829333'; Build Type 'Release'
OS: 'Windows 10  (10.0.19042) 64bit Education' Language: 'ko' Physical Memory: 32699 MB
BatchMode: 1, IsHumanControllingUs: 0, StartBugReporterOnCrash: 0, Is64bit: 1, IsPro: 0

COMMAND LINE ARGUMENTS:
D:\Program Files\Unity Hub\2021.2.7f1\Editor\Unity.exe
-adb2
-batchMode
-noUpm
-name
AssetImportWorker0
-projectPath
D:/Unity/Quad Action
-logFile
Logs/AssetImportWorker0.log
-srvPort
60665
Successfully changed project path to: D:/Unity/Quad Action
D:/Unity/Quad Action
[UnityMemory] Configuration Parameters - Can be set up in boot.config
    "memorysetup-bucket-allocator-granularity=16"
    "memorysetup-bucket-allocator-bucket-count=8"
    "memorysetup-bucket-allocator-block-size=33554432"
    "memorysetup-bucket-allocator-block-count=8"
    "memorysetup-main-allocator-block-size=16777216"
    "memorysetup-thread-allocator-block-size=16777216"
    "memorysetup-gfx-main-allocator-block-size=16777216"
    "memorysetup-gfx-thread-allocator-block-size=16777216"
    "memorysetup-cache-allocator-block-size=4194304"
    "memorysetup-typetree-allocator-block-size=2097152"
    "memorysetup-profiler-bucket-allocator-granularity=16"
    "memorysetup-profiler-bucket-allocator-bucket-count=8"
    "memorysetup-profiler-bucket-allocator-block-size=33554432"
    "memorysetup-profiler-bucket-allocator-block-count=8"
    "memorysetup-profiler-allocator-block-size=16777216"
    "memorysetup-profiler-editor-allocator-block-size=1048576"
    "memorysetup-temp-allocator-size-main=16777216"
    "memorysetup-job-temp-allocator-block-size=2097152"
    "memorysetup-job-temp-allocator-block-size-background=1048576"
    "memorysetup-job-temp-allocator-reduction-small-platforms=262144"
    "memorysetup-temp-allocator-size-background-worker=32768"
    "memorysetup-temp-allocator-size-job-worker=262144"
    "memorysetup-temp-allocator-size-preload-manager=33554432"
    "memorysetup-temp-allocator-size-nav-mesh-worker=65536"
    "memorysetup-temp-allocator-size-audio-worker=65536"
    "memorysetup-temp-allocator-size-cloud-worker=32768"
    "memorysetup-temp-allocator-size-gi-baking-worker=262144"
    "memorysetup-temp-allocator-size-gfx=262144"
Refreshing native plugins compatible for Editor in 95.72 ms, found 3 plugins.
Preloading 0 native plugins for Editor in 0.00 ms.
Initialize engine version: 2021.2.7f1 (6bd9e232123f)
[Subsystems] Discovering subsystems at path D:/Program Files/Unity Hub/2021.2.7f1/Editor/Data/Resources/UnitySubsystems
[Subsystems] Discovering subsystems at path D:/Unity/Quad Action/Assets
GfxDevice: creating device client; threaded=0; jobified=0
Direct3D:
    Version:  Direct3D 11.0 [level 11.1]
    Renderer: NVIDIA GeForce RTX 2070 SUPER (ID=0x1e84)
    Vendor:   NVIDIA
    VRAM:     8011 MB
    Driver:   30.0.14.9729
Initialize mono
Mono path[0] = 'D:/Program Files/Unity Hub/2021.2.7f1/Editor/Data/Managed'
Mono path[1] = 'D:/Program Files/Unity Hub/2021.2.7f1/Editor/Data/MonoBleedingEdge/lib/mono/unityjit-win32'
Mono config path = 'D:/Program Files/Unity Hub/2021.2.7f1/Editor/Data/MonoBleedingEdge/etc'
Using monoOptions --debugger-agent=transport=dt_socket,embedding=1,server=y,suspend=n,address=127.0.0.1:56368
Begin MonoManager ReloadAssembly
Registering precompiled unity dll's ...
Register platform support module: D:/Program Files/Unity Hub/2021.2.7f1/Editor/Data/PlaybackEngines/WindowsStandaloneSupport/UnityEditor.WindowsStandalone.Extensions.dll
Registered in 0.002977 seconds.
Native extension for WindowsStandalone target not found
Refreshing native plugins compatible for Editor in 83.59 ms, found 3 plugins.
Preloading 0 native plugins for Editor in 0.00 ms.
Mono: successfully reloaded assembly
- Completed reload, in  0.605 seconds
Domain Reload Profiling:
	ReloadAssembly (605ms)
		BeginReloadAssembly (79ms)
			ExecutionOrderSort (0ms)
			DisableScriptedObjects (0ms)
			BackupInstance (0ms)
			ReleaseScriptingObjects (0ms)
			CreateAndSetChildDomain (1ms)
		EndReloadAssembly (454ms)
			LoadAssemblies (79ms)
			RebuildTransferFunctionScriptingTraits (0ms)
			SetupTypeCache (103ms)
			ReleaseScriptCaches (0ms)
			RebuildScriptCaches (26ms)
			SetupLoadedEditorAssemblies (278ms)
				LogAssemblyErrors (0ms)
				InitializePlatformSupportModulesInManaged (15ms)
				SetLoadedEditorAssemblies (0ms)
				RefreshPlugins (84ms)
				BeforeProcessingInitializeOnLoad (1ms)
				ProcessInitializeOnLoadAttributes (124ms)
				ProcessInitializeOnLoadMethodAttributes (55ms)
				AfterProcessingInitializeOnLoad (0ms)
				EditorAssembliesLoaded (0ms)
			ExecutionOrderSort2 (0ms)
			AwakeInstancesAfterBackupRestoration (0ms)
Platform modules already initialized, skipping
Registering precompiled user dll's ...
Registered in 0.005008 seconds.
Begin MonoManager ReloadAssembly
Symbol file LoadedFromMemory doesn't match image D:\Unity\Quad Action\Library\PackageCache\com.unity.visualscripting@1.7.6\Editor\VisualScripting.Core\Dependencies\YamlDotNet\Unity.VisualScripting.YamlDotNet.dll
Symbol file LoadedFromMemory doesn't match image D:\Unity\Quad Action\Library\PackageCache\com.unity.visualscripting@1.7.6\Editor\VisualScripting.Core\Dependencies\DotNetZip\Unity.VisualScripting.IonicZip.dll
Native extension for WindowsStandalone target not found
Refreshing native plugins compatible for Editor in 0.62 ms, found 3 plugins.
Preloading 0 native plugins for Editor in 0.00 ms.
Mono: successfully reloaded assembly
- Completed reload, in  0.975 seconds
Domain Reload Profiling:
	ReloadAssembly (976ms)
		BeginReloadAssembly (121ms)
			ExecutionOrderSort (0ms)
			DisableScriptedObjects (6ms)
			BackupInstance (0ms)
			ReleaseScriptingObjects (0ms)
			CreateAndSetChildDomain (24ms)
		EndReloadAssembly (762ms)
			LoadAssemblies (87ms)
			RebuildTransferFunctionScriptingTraits (0ms)
			SetupTypeCache (258ms)
			ReleaseScriptCaches (1ms)
			RebuildScriptCaches (46ms)
			SetupLoadedEditorAssemblies (339ms)
				LogAssemblyErrors (0ms)
				InitializePlatformSupportModulesInManaged (10ms)
				SetLoadedEditorAssemblies (0ms)
				RefreshPlugins (1ms)
				BeforeProcessingInitializeOnLoad (74ms)
				ProcessInitializeOnLoadAttributes (226ms)
				ProcessInitializeOnLoadMethodAttributes (25ms)
				AfterProcessingInitializeOnLoad (3ms)
				EditorAssembliesLoaded (0ms)
			ExecutionOrderSort2 (0ms)
			AwakeInstancesAfterBackupRestoration (14ms)
Platform modules already initialized, skipping
========================================================================
Worker process is ready to serve import requests
Launched and connected shader compiler UnityShaderCompiler.exe after 0.09 seconds
Refreshing native plugins compatible for Editor in 0.77 ms, found 3 plugins.
Preloading 0 native plugins for Editor in 0.00 ms.
Unloading 3215 Unused Serialized files (Serialized files now loaded: 0)
Unloading 26 unused Assets / (112.5 KB). Loaded Objects now: 3671.
Memory consumption went from 116.4 MB to 116.3 MB.
Total: 3.000300 ms (FindLiveObjects: 0.334300 ms CreateObjectMapping: 0.079300 ms MarkObjects: 2.469200 ms  DeleteObjects: 0.116200 ms)

AssetImportParameters requested are different than current active one (requested -> active):
  custom:video-decoder-ogg-theora: a1e56fd34408186e4bbccfd4996cb3dc -> 
  custom:container-muxer-webm: aa71ff27fc2769a1b78a27578f13a17b -> 
  custom:container-demuxer-webm: 4f35f7cbe854078d1ac9338744f61a02 -> 
  custom:video-encoder-webm-vp8: eb34c28f22e8b96e1ab97ce403110664 -> 
  custom:audio-encoder-webm-vorbis: bf7c407c2cedff20999df2af8eb42d56 -> 
  custom:framework-win-MediaFoundation: 216162199b28c13a410421893ffa2e32 -> 
  custom:container-demuxer-ogg: 62fdf1f143b41e24485cea50d1cbac27 -> 
  custom:video-decoder-webm-vp8: 9c59270c3fd7afecdb556c50c9e8de78 -> 
  custom:audio-decoder-ogg-vorbis: bf7c407c2cedff20999df2af8eb42d56 -> 
========================================================================
Received Import Request.
  Time since last request: 328932.526530 seconds.
  path: Assets/QuarterView 3D Action BE5/App Icon.png
  artifactKey: Guid(8daddb70a45a9d745bd298fad8593ea3) Importer(815301076,1909f56bfc062723c751e8b465ee728b)
Start importing Assets/QuarterView 3D Action BE5/App Icon.png using Guid(8daddb70a45a9d745bd298fad8593ea3) Importer(815301076,1909f56bfc062723c751e8b465ee728b)  -> (artifact id: 'acc24e2aa2fa0b181320d94842541b46') in 0.189417 seconds 
========================================================================
Received Import Request.
  Time since last request: 197.664035 seconds.
  path: Assets
  artifactKey: Guid(00000000000000001000000000000000) Importer(815301076,1909f56bfc062723c751e8b465ee728b)
Start importing Assets using Guid(00000000000000001000000000000000) Importer(815301076,1909f56bfc062723c751e8b465ee728b)  -> (artifact id: '79842766b460edbeab6a34051e857a80') in 0.007396 seconds 
========================================================================
Received Import Request.
  Time since last request: 6.950080 seconds.
  path: Assets/Materials
  artifactKey: Guid(a56fc34e4251e144bbee415f7f6fe86b) Importer(815301076,1909f56bfc062723c751e8b465ee728b)
Start importing Assets/Materials using Guid(a56fc34e4251e144bbee415f7f6fe86b) Importer(815301076,1909f56bfc062723c751e8b465ee728b)  -> (artifact id: '514a0f0215944699f6ddb831df0c2914') in 0.006467 seconds 
========================================================================
Received Import Request.
  Time since last request: 16.959703 seconds.
  path: Assets/Materials/New Material.mat
  artifactKey: Guid(19509f0fbfde9eb43be4dbd0fe820491) Importer(815301076,1909f56bfc062723c751e8b465ee728b)
Start importing Assets/Materials/New Material.mat using Guid(19509f0fbfde9eb43be4dbd0fe820491) Importer(815301076,1909f56bfc062723c751e8b465ee728b)  -> (artifact id: 'a04d1b1293e5a1ceab062560f113e333') in 0.801152 seconds 
========================================================================
Received Import Request.
  Time since last request: 8.593754 seconds.
  path: Assets/Materials/Floor.mat
  artifactKey: Guid(19509f0fbfde9eb43be4dbd0fe820491) Importer(815301076,1909f56bfc062723c751e8b465ee728b)
Start importing Assets/Materials/Floor.mat using Guid(19509f0fbfde9eb43be4dbd0fe820491) Importer(815301076,1909f56bfc062723c751e8b465ee728b)  -> (artifact id: '7faf5b2714f1adf98faf240f3bd85476') in 0.015197 seconds 
========================================================================
Received Import Request.
  Time since last request: 5.173316 seconds.
  path: Assets/QuarterView 3D Action BE5/Textures/_Pattern.png
  artifactKey: Guid(dd3fb6baae3a2b14f9a23ec6ed2db723) Importer(815301076,1909f56bfc062723c751e8b465ee728b)
Start importing Assets/QuarterView 3D Action BE5/Textures/_Pattern.png using Guid(dd3fb6baae3a2b14f9a23ec6ed2db723) Importer(815301076,1909f56bfc062723c751e8b465ee728b)  -> (artifact id: '211b808915ab3fa3c0fe1c45e1e1df22') in 0.016290 seconds 
========================================================================
Received Import Request.
  Time since last request: 0.000029 seconds.
  path: Assets/QuarterView 3D Action BE5/Textures/Coin Gold.png
  artifactKey: Guid(843ec11e575c45148be9468dd4e00a8c) Importer(815301076,1909f56bfc062723c751e8b465ee728b)
Start importing Assets/QuarterView 3D Action BE5/Textures/Coin Gold.png using Guid(843ec11e575c45148be9468dd4e00a8c) Importer(815301076,1909f56bfc062723c751e8b465ee728b)  -> (artifact id: '12a68daff4ed015dbb2e83b2686d47f4') in 0.015313 seconds 
========================================================================
Received Import Request.
  Time since last request: 0.000025 seconds.
  path: Assets/QuarterView 3D Action BE5/Textures/Bullet Case.png
  artifactKey: Guid(0cc401fda21a95849bb017f17d80bda4) Importer(815301076,1909f56bfc062723c751e8b465ee728b)
Start importing Assets/QuarterView 3D Action BE5/Textures/Bullet Case.png using Guid(0cc401fda21a95849bb017f17d80bda4) Importer(815301076,1909f56bfc062723c751e8b465ee728b)  -> (artifact id: '8041d78077be71a500672bb19e0ad430') in 0.010942 seconds 
========================================================================
Received Import Request.
  Time since last request: 0.000027 seconds.
  path: Assets/QuarterView 3D Action BE5/Textures/Coin Bronze.png
  artifactKey: Guid(3b1769091f98c304bb39610f0f6642c0) Importer(815301076,1909f56bfc062723c751e8b465ee728b)
Start importing Assets/QuarterView 3D Action BE5/Textures/Coin Bronze.png using Guid(3b1769091f98c304bb39610f0f6642c0) Importer(815301076,1909f56bfc062723c751e8b465ee728b)  -> (artifact id: 'fc79596ecf01a170213ec18f2a2caf26') in 0.012801 seconds 
========================================================================
Received Import Request.
  Time since last request: 0.000039 seconds.
  path: Assets/QuarterView 3D Action BE5/Textures/Boss Rock.png
  artifactKey: Guid(86384051d3792ce47a8dffdbd4f6361e) Importer(815301076,1909f56bfc062723c751e8b465ee728b)
Start importing Assets/QuarterView 3D Action BE5/Textures/Boss Rock.png using Guid(86384051d3792ce47a8dffdbd4f6361e) Importer(815301076,1909f56bfc062723c751e8b465ee728b)  -> (artifact id: 'd99c5e8f6ba726ff141912f8a8b30946') in 0.012947 seconds 
========================================================================
Received Import Request.
  Time since last request: 0.000023 seconds.
  path: Assets/QuarterView 3D Action BE5/Textures/Enemy A.png
  artifactKey: Guid(9a6a65bceac8a8c4195a90a84a4e6459) Importer(815301076,1909f56bfc062723c751e8b465ee728b)
Start importing Assets/QuarterView 3D Action BE5/Textures/Enemy A.png using Guid(9a6a65bceac8a8c4195a90a84a4e6459) Importer(815301076,1909f56bfc062723c751e8b465ee728b)  -> (artifact id: 'fb00c6845bb981c88ad8468666ae0934') in 0.013631 seconds 
========================================================================
Received Import Request.
  Time since last request: 0.000022 seconds.
  path: Assets/QuarterView 3D Action BE5/Textures/Enemy B.png
  artifactKey: Guid(5fc6913241246d54b98db1b106e19ee1) Importer(815301076,1909f56bfc062723c751e8b465ee728b)
Start importing Assets/QuarterView 3D Action BE5/Textures/Enemy B.png using Guid(5fc6913241246d54b98db1b106e19ee1) Importer(815301076,1909f56bfc062723c751e8b465ee728b)  -> (artifact id: '76354282999e34836468fd4ed264d64e') in 0.012487 seconds 
Editor requested this worker to shutdown with reason: Scaling down because of idle timeout
AssetImportWorker is now disconnected from the server
Process exiting
Exiting without the bug reporter. Application will terminate with return code 0